<?xml version="1.0" encoding="UTF-8"?>
<testng-results skipped="0" failed="0" ignored="0" total="5" passed="5">
  <reporter-output>
  </reporter-output>
  <suite name="Suite" duration-ms="18776" started-at="2020-11-14T11:47:12 ART" finished-at="2020-11-14T11:47:31 ART">
    <groups>
    </groups>
    <test name="Validate Navigation Bar" duration-ms="10140" started-at="2020-11-14T11:47:12 ART" finished-at="2020-11-14T11:47:22 ART">
      <class name="Academy.validateNavigationBar">
        <test-method status="PASS" signature="initialize()[pri:0, instance:Academy.validateNavigationBar@645aa696]" name="initialize" is-config="true" duration-ms="9646" started-at="2020-11-14T11:47:12 ART" finished-at="2020-11-14T11:47:22 ART">
          <reporter-output>
          </reporter-output>
        </test-method> <!-- initialize -->
        <test-method status="PASS" signature="basePageNavigation()[pri:0, instance:Academy.validateNavigationBar@645aa696]" name="basePageNavigation" duration-ms="129" started-at="2020-11-14T11:47:22 ART" finished-at="2020-11-14T11:47:22 ART">
          <reporter-output>
          </reporter-output>
        </test-method> <!-- basePageNavigation -->
        <test-method status="PASS" signature="teardown()[pri:0, instance:Academy.validateNavigationBar@645aa696]" name="teardown" is-config="true" duration-ms="356" started-at="2020-11-14T11:47:22 ART" finished-at="2020-11-14T11:47:22 ART">
          <reporter-output>
          </reporter-output>
        </test-method> <!-- teardown -->
      </class> <!-- Academy.validateNavigationBar -->
    </test> <!-- Validate Navigation Bar -->
    <test name="Validate Title" duration-ms="10078" started-at="2020-11-14T11:47:12 ART" finished-at="2020-11-14T11:47:22 ART">
      <class name="Academy.validateTitle">
        <test-method status="PASS" signature="initialize()[pri:0, instance:Academy.validateTitle@17fc391b]" name="initialize" is-config="true" duration-ms="9578" started-at="2020-11-14T11:47:12 ART" finished-at="2020-11-14T11:47:21 ART">
          <reporter-output>
          </reporter-output>
        </test-method> <!-- initialize -->
        <test-method status="PASS" signature="getTitle()[pri:0, instance:Academy.validateTitle@17fc391b]" name="getTitle" duration-ms="158" started-at="2020-11-14T11:47:21 ART" finished-at="2020-11-14T11:47:22 ART">
          <reporter-output>
          </reporter-output>
        </test-method> <!-- getTitle -->
        <test-method status="PASS" signature="validateHeader()[pri:0, instance:Academy.validateTitle@17fc391b]" name="validateHeader" duration-ms="91" started-at="2020-11-14T11:47:22 ART" finished-at="2020-11-14T11:47:22 ART">
          <reporter-output>
          </reporter-output>
        </test-method> <!-- validateHeader -->
        <test-method status="PASS" signature="teardown()[pri:0, instance:Academy.validateTitle@17fc391b]" name="teardown" is-config="true" duration-ms="235" started-at="2020-11-14T11:47:22 ART" finished-at="2020-11-14T11:47:22 ART">
          <reporter-output>
          </reporter-output>
        </test-method> <!-- teardown -->
      </class> <!-- Academy.validateTitle -->
    </test> <!-- Validate Title -->
    <test name="Home Page" duration-ms="18776" started-at="2020-11-14T11:47:12 ART" finished-at="2020-11-14T11:47:31 ART">
      <class name="Academy.HomePage">
        <test-method status="PASS" signature="initialize()[pri:0, instance:Academy.HomePage@7c37508a]" name="initialize" is-config="true" duration-ms="4926" started-at="2020-11-14T11:47:12 ART" finished-at="2020-11-14T11:47:17 ART">
          <reporter-output>
          </reporter-output>
        </test-method> <!-- initialize -->
        <test-method status="PASS" signature="loginHomePage(java.lang.String, java.lang.String)[pri:0, instance:Academy.HomePage@7c37508a]" name="loginHomePage" duration-ms="10294" started-at="2020-11-14T11:47:17 ART" data-provider="getData" finished-at="2020-11-14T11:47:27 ART">
          <params>
            <param index="0">
              <value>
                <![CDATA[nonrestricteduser@qw.com]]>
              </value>
            </param>
            <param index="1">
              <value>
                <![CDATA[123456]]>
              </value>
            </param>
          </params>
          <reporter-output>
          </reporter-output>
        </test-method> <!-- loginHomePage -->
        <test-method status="PASS" signature="loginHomePage(java.lang.String, java.lang.String)[pri:0, instance:Academy.HomePage@7c37508a]" name="loginHomePage" duration-ms="3424" started-at="2020-11-14T11:47:27 ART" data-provider="getData" finished-at="2020-11-14T11:47:31 ART">
          <params>
            <param index="0">
              <value>
                <![CDATA[restricteduser@qw.com]]>
              </value>
            </param>
            <param index="1">
              <value>
                <![CDATA[123456]]>
              </value>
            </param>
          </params>
          <reporter-output>
          </reporter-output>
        </test-method> <!-- loginHomePage -->
        <test-method status="PASS" signature="teardown()[pri:0, instance:Academy.HomePage@7c37508a]" name="teardown" is-config="true" duration-ms="73" started-at="2020-11-14T11:47:31 ART" finished-at="2020-11-14T11:47:31 ART">
          <reporter-output>
          </reporter-output>
        </test-method> <!-- teardown -->
      </class> <!-- Academy.HomePage -->
    </test> <!-- Home Page -->
  </suite> <!-- Suite -->
</testng-results>
